app/build/intermediates/manifest_merge_blame_file/debug/processDebugMainManifest/manifest-merger-blame-debug-report.txt
1<?xml version="1.0" encoding="utf-8"?>
2<manifest xmlns:android="http://schemas.android.com/apk/res/android"
3    package="com.myra.assistant"
4    android:versionCode="2"
5    android:versionName="2.0.0" >
6
7    <uses-sdk
7-->src\main\AndroidManifest.xml:5:5-7:40
8        android:minSdkVersion="26"
8-->src\main\AndroidManifest.xml:6:9-35
9        android:targetSdkVersion="35" />
9-->src\main\AndroidManifest.xml:7:9-38
10
11    <queries>
11-->src\main\AndroidManifest.xml:9:5-14:15
12        <intent>
12-->src\main\AndroidManifest.xml:10:9-13:18
13            <action android:name="android.intent.action.MAIN" />
13-->src\main\AndroidManifest.xml:11:13-64
13-->src\main\AndroidManifest.xml:11:21-62
14
15            <category android:name="android.intent.category.LAUNCHER" />
15-->src\main\AndroidManifest.xml:12:13-72
15-->src\main\AndroidManifest.xml:12:23-70
16        </intent>
17    </queries>
18
19    <!-- Permissions -->
20    <uses-permission android:name="android.permission.RECORD_AUDIO" />
20-->src\main\AndroidManifest.xml:17:5-70
20-->src\main\AndroidManifest.xml:17:22-68
21    <uses-permission android:name="android.permission.READ_CONTACTS" />
21-->src\main\AndroidManifest.xml:18:5-71
21-->src\main\AndroidManifest.xml:18:22-69
22    <uses-permission android:name="android.permission.WRITE_CONTACTS" />
22-->src\main\AndroidManifest.xml:19:5-72
22-->src\main\AndroidManifest.xml:19:22-70
23    <uses-permission android:name="android.permission.READ_PHONE_STATE" />
23-->src\main\AndroidManifest.xml:20:5-74
23-->src\main\AndroidManifest.xml:20:22-72
24    <uses-permission android:name="android.permission.READ_CALL_LOG" />
24-->src\main\AndroidManifest.xml:21:5-71
24-->src\main\AndroidManifest.xml:21:22-69
25    <uses-permission android:name="android.permission.ANSWER_PHONE_CALLS" />
25-->src\main\AndroidManifest.xml:22:5-76
25-->src\main\AndroidManifest.xml:22:22-74
26    <uses-permission android:name="android.permission.CALL_PHONE" />
26-->src\main\AndroidManifest.xml:23:5-68
26-->src\main\AndroidManifest.xml:23:22-66
27    <uses-permission android:name="android.permission.SEND_SMS" />
27-->src\main\AndroidManifest.xml:24:5-66
27-->src\main\AndroidManifest.xml:24:22-64
28    <uses-permission android:name="android.permission.CAMERA" />
28-->src\main\AndroidManifest.xml:25:5-64
28-->src\main\AndroidManifest.xml:25:22-62
29    <uses-permission android:name="android.permission.FLASHLIGHT" />
29-->src\main\AndroidManifest.xml:26:5-68
29-->src\main\AndroidManifest.xml:26:22-66
30    <uses-permission android:name="android.permission.MODIFY_AUDIO_SETTINGS" />
30-->src\main\AndroidManifest.xml:27:5-79
30-->src\main\AndroidManifest.xml:27:22-77
31    <uses-permission android:name="android.permission.SYSTEM_ALERT_WINDOW" />
31-->src\main\AndroidManifest.xml:28:5-77
31-->src\main\AndroidManifest.xml:28:22-75
32    <uses-permission android:name="android.permission.FOREGROUND_SERVICE" />
32-->src\main\AndroidManifest.xml:29:5-76
32-->src\main\AndroidManifest.xml:29:22-74
33    <uses-permission android:name="android.permission.FOREGROUND_SERVICE_MICROPHONE" />
33-->src\main\AndroidManifest.xml:30:5-87
33-->src\main\AndroidManifest.xml:30:22-85
34    <uses-permission android:name="android.permission.FOREGROUND_SERVICE_PHONE_CALL" />
34-->src\main\AndroidManifest.xml:31:5-87
34-->src\main\AndroidManifest.xml:31:22-85
35    <uses-permission android:name="android.permission.INTERNET" />
35-->src\main\AndroidManifest.xml:32:5-66
35-->src\main\AndroidManifest.xml:32:22-64
36    <uses-permission android:name="android.permission.RECEIVE_BOOT_COMPLETED" />
36-->src\main\AndroidManifest.xml:33:5-80
36-->src\main\AndroidManifest.xml:33:22-78
37    <uses-permission android:name="android.permission.USE_BIOMETRIC" />
37-->src\main\AndroidManifest.xml:34:5-71
37-->src\main\AndroidManifest.xml:34:22-69
38    <uses-permission android:name="android.permission.POST_NOTIFICATIONS" />
38-->src\main\AndroidManifest.xml:35:5-76
38-->src\main\AndroidManifest.xml:35:22-74
39    <uses-permission android:name="android.permission.QUERY_ALL_PACKAGES" />
39-->src\main\AndroidManifest.xml:36:5-76
39-->src\main\AndroidManifest.xml:36:22-74
40    <uses-permission android:name="android.permission.VIBRATE" />
40-->src\main\AndroidManifest.xml:37:5-65
40-->src\main\AndroidManifest.xml:37:22-63
41    <uses-permission android:name="android.permission.READ_EXTERNAL_STORAGE" />
41-->src\main\AndroidManifest.xml:38:5-79
41-->src\main\AndroidManifest.xml:38:22-77
42
43    <uses-feature
43-->src\main\AndroidManifest.xml:40:5-84
44        android:name="android.hardware.camera"
44-->src\main\AndroidManifest.xml:40:19-57
45        android:required="false" />
45-->src\main\AndroidManifest.xml:40:58-82
46    <uses-feature
46-->src\main\AndroidManifest.xml:41:5-90
47        android:name="android.hardware.camera.flash"
47-->src\main\AndroidManifest.xml:41:19-63
48        android:required="false" />
48-->src\main\AndroidManifest.xml:41:64-88
49
50    <!-- suppress DeprecatedClassUsageInspection -->
51    <uses-permission android:name="android.permission.USE_FINGERPRINT" />
51-->[androidx.biometric:biometric:1.2.0-alpha05] AndroidManifest.xml:25:5-74
51-->[androidx.biometric:biometric:1.2.0-alpha05] AndroidManifest.xml:25:22-71
52
53    <permission
53-->[androidx.core:core:1.13.1] AndroidManifest.xml:22:5-24:47
54        android:name="com.myra.assistant.DYNAMIC_RECEIVER_NOT_EXPORTED_PERMISSION"
54-->[androidx.core:core:1.13.1] AndroidManifest.xml:23:9-81
55        android:protectionLevel="signature" />
55-->[androidx.core:core:1.13.1] AndroidManifest.xml:24:9-44
56
57    <uses-permission android:name="com.myra.assistant.DYNAMIC_RECEIVER_NOT_EXPORTED_PERMISSION" /> <!-- Although the *SdkVersion is captured in gradle build files, this is required for non gradle builds -->
57-->[androidx.core:core:1.13.1] AndroidManifest.xml:26:5-97
57-->[androidx.core:core:1.13.1] AndroidManifest.xml:26:22-94
58    <!-- <uses-sdk android:minSdkVersion="14"/> -->
59    <uses-permission android:name="android.permission.ACCESS_NETWORK_STATE" />
59-->[com.google.android.datatransport:transport-backend-cct:2.3.3] AndroidManifest.xml:25:5-79
59-->[com.google.android.datatransport:transport-backend-cct:2.3.3] AndroidManifest.xml:25:22-76
60
61    <application
61-->src\main\AndroidManifest.xml:43:5-166:19
62        android:allowBackup="false"
62-->src\main\AndroidManifest.xml:44:9-36
63        android:appComponentFactory="androidx.core.app.CoreComponentFactory"
63-->[androidx.core:core:1.13.1] AndroidManifest.xml:28:18-86
64        android:debuggable="true"
65        android:extractNativeLibs="false"
66        android:icon="@mipmap/img"
66-->src\main\AndroidManifest.xml:45:9-35
67        android:label="MYRA"
67-->src\main\AndroidManifest.xml:46:9-29
68        android:networkSecurityConfig="@xml/network_security_config"
68-->src\main\AndroidManifest.xml:51:9-69
69        android:roundIcon="@mipmap/img"
69-->src\main\AndroidManifest.xml:47:9-40
70        android:supportsRtl="true"
70-->src\main\AndroidManifest.xml:48:9-35
71        android:testOnly="true"
72        android:theme="@style/Theme.Myra"
72-->src\main\AndroidManifest.xml:49:9-42
73        android:usesCleartextTraffic="true" >
73-->src\main\AndroidManifest.xml:50:9-44
74
75        <!-- MAIN ACTIVITY -->
76        <activity
76-->src\main\AndroidManifest.xml:54:9-67:20
77            android:name="com.myra.assistant.ui.main.MainActivity"
77-->src\main\AndroidManifest.xml:55:13-49
78            android:exported="true"
78-->src\main\AndroidManifest.xml:56:13-36
79            android:launchMode="singleTop"
79-->src\main\AndroidManifest.xml:57:13-43
80            android:screenOrientation="portrait" >
80-->src\main\AndroidManifest.xml:58:13-49
81            <intent-filter>
81-->src\main\AndroidManifest.xml:59:13-62:29
82                <action android:name="android.intent.action.MAIN" />
82-->src\main\AndroidManifest.xml:11:13-64
82-->src\main\AndroidManifest.xml:11:21-62
83
84                <category android:name="android.intent.category.LAUNCHER" />
84-->src\main\AndroidManifest.xml:12:13-72
84-->src\main\AndroidManifest.xml:12:23-70
85            </intent-filter>
86            <intent-filter>
86-->src\main\AndroidManifest.xml:63:13-66:29
87                <action android:name="android.intent.action.ASSIST" />
87-->src\main\AndroidManifest.xml:64:17-70
87-->src\main\AndroidManifest.xml:64:25-68
88
89                <category android:name="android.intent.category.DEFAULT" />
89-->src\main\AndroidManifest.xml:65:17-75
89-->src\main\AndroidManifest.xml:65:27-73
90            </intent-filter>
91        </activity>
92
93        <!-- APP LOCK -->
94        <activity
94-->src\main\AndroidManifest.xml:70:9-73:60
95            android:name="com.myra.assistant.security.AppLockActivity"
95-->src\main\AndroidManifest.xml:71:13-53
96            android:exported="false"
96-->src\main\AndroidManifest.xml:72:13-37
97            android:theme="@style/Theme.Myra.Transparent" />
97-->src\main\AndroidManifest.xml:73:13-58
98
99        <!-- SETTINGS -->
100        <activity
100-->src\main\AndroidManifest.xml:76:9-78:39
101            android:name="com.myra.assistant.ui.settings.SettingsActivity"
101-->src\main\AndroidManifest.xml:77:13-57
102            android:exported="false" />
102-->src\main\AndroidManifest.xml:78:13-37
103
104        <!-- SECURITY SETTINGS -->
105        <activity
105-->src\main\AndroidManifest.xml:81:9-83:39
106            android:name="com.myra.assistant.security.SecuritySettingsActivity"
106-->src\main\AndroidManifest.xml:82:13-62
107            android:exported="false" />
107-->src\main\AndroidManifest.xml:83:13-37
108
109        <!-- PATTERN SETUP -->
110        <activity
110-->src\main\AndroidManifest.xml:86:9-88:39
111            android:name="com.myra.assistant.security.PatternSetupActivity"
111-->src\main\AndroidManifest.xml:87:13-58
112            android:exported="false" />
112-->src\main\AndroidManifest.xml:88:13-37
113
114        <!-- APP SELECTION -->
115        <activity
115-->src\main\AndroidManifest.xml:91:9-93:39
116            android:name="com.myra.assistant.security.AppSelectionActivity"
116-->src\main\AndroidManifest.xml:92:13-58
117            android:exported="false" />
117-->src\main\AndroidManifest.xml:93:13-37
118
119        <!-- CALL ASSISTANT -->
120        <activity
120-->src\main\AndroidManifest.xml:96:9-99:60
121            android:name="com.myra.assistant.ui.main.CallAssistantActivity"
121-->src\main\AndroidManifest.xml:97:13-58
122            android:exported="false"
122-->src\main\AndroidManifest.xml:98:13-37
123            android:theme="@style/Theme.Myra.Transparent" />
123-->src\main\AndroidManifest.xml:99:13-58
124
125        <!-- ACCESSIBILITY SERVICE -->
126        <service
126-->src\main\AndroidManifest.xml:102:9-112:19
127            android:name="com.myra.assistant.service.AccessibilityHelperService"
127-->src\main\AndroidManifest.xml:103:13-63
128            android:exported="false"
128-->src\main\AndroidManifest.xml:105:13-37
129            android:permission="android.permission.BIND_ACCESSIBILITY_SERVICE" >
129-->src\main\AndroidManifest.xml:104:13-79
130            <intent-filter>
130-->src\main\AndroidManifest.xml:106:13-108:29
131                <action android:name="android.accessibilityservice.AccessibilityService" />
131-->src\main\AndroidManifest.xml:107:17-91
131-->src\main\AndroidManifest.xml:107:25-89
132            </intent-filter>
133
134            <meta-data
134-->src\main\AndroidManifest.xml:109:13-111:71
135                android:name="android.accessibilityservice"
135-->src\main\AndroidManifest.xml:110:17-60
136                android:resource="@xml/accessibility_service_config" />
136-->src\main\AndroidManifest.xml:111:17-69
137        </service>
138
139        <!-- FOREGROUND VOICE SERVICE (Always Listening) -->
140        <service
140-->src\main\AndroidManifest.xml:115:9-118:57
141            android:name="com.myra.assistant.services.ForegroundVoiceService"
141-->src\main\AndroidManifest.xml:116:13-60
142            android:exported="false"
142-->src\main\AndroidManifest.xml:117:13-37
143            android:foregroundServiceType="microphone" />
143-->src\main\AndroidManifest.xml:118:13-55
144
145        <!-- CALL MONITOR -->
146        <service
146-->src\main\AndroidManifest.xml:121:9-124:56
147            android:name="com.myra.assistant.service.CallMonitorService"
147-->src\main\AndroidManifest.xml:122:13-55
148            android:exported="false"
148-->src\main\AndroidManifest.xml:123:13-37
149            android:foregroundServiceType="phoneCall" />
149-->src\main\AndroidManifest.xml:124:13-54
150
151        <!-- OVERLAY SERVICE -->
152        <service
152-->src\main\AndroidManifest.xml:127:9-130:57
153            android:name="com.myra.assistant.service.MyraOverlayService"
153-->src\main\AndroidManifest.xml:128:13-55
154            android:exported="false"
154-->src\main\AndroidManifest.xml:129:13-37
155            android:foregroundServiceType="microphone" />
155-->src\main\AndroidManifest.xml:130:13-55
156
157        <!-- DEVICE ADMIN -->
158        <receiver
158-->src\main\AndroidManifest.xml:133:9-143:20
159            android:name="com.myra.assistant.service.MyraDeviceAdminReceiver"
159-->src\main\AndroidManifest.xml:134:13-60
160            android:exported="true"
160-->src\main\AndroidManifest.xml:135:13-36
161            android:permission="android.permission.BIND_DEVICE_ADMIN" >
161-->src\main\AndroidManifest.xml:136:13-70
162            <meta-data
162-->src\main\AndroidManifest.xml:137:13-139:64
163                android:name="android.app.device_admin"
163-->src\main\AndroidManifest.xml:138:17-56
164                android:resource="@xml/device_admin_receiver" />
164-->src\main\AndroidManifest.xml:139:17-62
165
166            <intent-filter>
166-->src\main\AndroidManifest.xml:140:13-142:29
167                <action android:name="android.app.action.DEVICE_ADMIN_ENABLED" />
167-->src\main\AndroidManifest.xml:141:17-81
167-->src\main\AndroidManifest.xml:141:25-79
168            </intent-filter>
169        </receiver>
170
171        <!-- BOOT RECEIVER -->
172        <receiver
172-->src\main\AndroidManifest.xml:146:9-153:20
173            android:name="com.myra.assistant.service.BootReceiver"
173-->src\main\AndroidManifest.xml:147:13-49
174            android:enabled="true"
174-->src\main\AndroidManifest.xml:148:13-35
175            android:exported="true" >
175-->src\main\AndroidManifest.xml:149:13-36
176            <intent-filter>
176-->src\main\AndroidManifest.xml:150:13-152:29
177                <action android:name="android.intent.action.BOOT_COMPLETED" />
177-->src\main\AndroidManifest.xml:151:17-78
177-->src\main\AndroidManifest.xml:151:25-76
178            </intent-filter>
179        </receiver>
180
181        <!-- POWER BUTTON RECEIVER -->
182        <receiver
182-->src\main\AndroidManifest.xml:156:9-164:20
183            android:name="com.myra.assistant.service.PowerButtonReceiver"
183-->src\main\AndroidManifest.xml:157:13-56
184            android:enabled="true"
184-->src\main\AndroidManifest.xml:158:13-35
185            android:exported="true" >
185-->src\main\AndroidManifest.xml:159:13-36
186            <intent-filter>
186-->src\main\AndroidManifest.xml:160:13-163:29
187                <action android:name="android.intent.action.SCREEN_OFF" />
187-->src\main\AndroidManifest.xml:161:17-74
187-->src\main\AndroidManifest.xml:161:25-72
188                <action android:name="android.intent.action.SCREEN_ON" />
188-->src\main\AndroidManifest.xml:162:17-73
188-->src\main\AndroidManifest.xml:162:25-71
189            </intent-filter>
190        </receiver>
191
192        <service
192-->[com.google.android.gms:play-services-mlkit-text-recognition-common:19.1.0] AndroidManifest.xml:9:9-15:19
193            android:name="com.google.mlkit.common.internal.MlKitComponentDiscoveryService"
193-->[com.google.android.gms:play-services-mlkit-text-recognition-common:19.1.0] AndroidManifest.xml:10:13-91
194            android:directBootAware="true"
194-->[com.google.mlkit:common:18.11.0] AndroidManifest.xml:17:13-43
195            android:exported="false" >
195-->[com.google.android.gms:play-services-mlkit-text-recognition-common:19.1.0] AndroidManifest.xml:11:13-37
196            <meta-data
196-->[com.google.android.gms:play-services-mlkit-text-recognition-common:19.1.0] AndroidManifest.xml:12:13-14:85
197                android:name="com.google.firebase.components:com.google.mlkit.vision.text.internal.TextRegistrar"
197-->[com.google.android.gms:play-services-mlkit-text-recognition-common:19.1.0] AndroidManifest.xml:13:17-114
198                android:value="com.google.firebase.components.ComponentRegistrar" />
198-->[com.google.android.gms:play-services-mlkit-text-recognition-common:19.1.0] AndroidManifest.xml:14:17-82
199            <meta-data
199-->[com.google.mlkit:vision-common:17.3.0] AndroidManifest.xml:12:13-14:85
200                android:name="com.google.firebase.components:com.google.mlkit.vision.common.internal.VisionCommonRegistrar"
200-->[com.google.mlkit:vision-common:17.3.0] AndroidManifest.xml:13:17-124
201                android:value="com.google.firebase.components.ComponentRegistrar" />
201-->[com.google.mlkit:vision-common:17.3.0] AndroidManifest.xml:14:17-82
202            <meta-data
202-->[com.google.mlkit:common:18.11.0] AndroidManifest.xml:20:13-22:85
203                android:name="com.google.firebase.components:com.google.mlkit.common.internal.CommonComponentRegistrar"
203-->[com.google.mlkit:common:18.11.0] AndroidManifest.xml:21:17-120
204                android:value="com.google.firebase.components.ComponentRegistrar" />
204-->[com.google.mlkit:common:18.11.0] AndroidManifest.xml:22:17-82
205        </service>
206
207        <provider
207-->[com.google.mlkit:common:18.11.0] AndroidManifest.xml:9:9-13:38
208            android:name="com.google.mlkit.common.internal.MlKitInitProvider"
208-->[com.google.mlkit:common:18.11.0] AndroidManifest.xml:10:13-78
209            android:authorities="com.myra.assistant.mlkitinitprovider"
209-->[com.google.mlkit:common:18.11.0] AndroidManifest.xml:11:13-69
210            android:exported="false"
210-->[com.google.mlkit:common:18.11.0] AndroidManifest.xml:12:13-37
211            android:initOrder="99" />
211-->[com.google.mlkit:common:18.11.0] AndroidManifest.xml:13:13-35
212
213        <activity
213-->[com.google.android.gms:play-services-base:18.5.0] AndroidManifest.xml:5:9-173
214            android:name="com.google.android.gms.common.api.GoogleApiActivity"
214-->[com.google.android.gms:play-services-base:18.5.0] AndroidManifest.xml:5:19-85
215            android:exported="false"
215-->[com.google.android.gms:play-services-base:18.5.0] AndroidManifest.xml:5:146-170
216            android:theme="@android:style/Theme.Translucent.NoTitleBar" />
216-->[com.google.android.gms:play-services-base:18.5.0] AndroidManifest.xml:5:86-145
217
218        <meta-data
218-->[com.google.android.gms:play-services-basement:18.4.0] AndroidManifest.xml:6:9-122
219            android:name="com.google.android.gms.version"
219-->[com.google.android.gms:play-services-basement:18.4.0] AndroidManifest.xml:6:20-65
220            android:value="@integer/google_play_services_version" />
220-->[com.google.android.gms:play-services-basement:18.4.0] AndroidManifest.xml:6:66-119
221
222        <provider
222-->[androidx.emoji2:emoji2:1.3.0] AndroidManifest.xml:24:9-32:20
223            android:name="androidx.startup.InitializationProvider"
223-->[androidx.emoji2:emoji2:1.3.0] AndroidManifest.xml:25:13-67
224            android:authorities="com.myra.assistant.androidx-startup"
224-->[androidx.emoji2:emoji2:1.3.0] AndroidManifest.xml:26:13-68
225            android:exported="false" >
225-->[androidx.emoji2:emoji2:1.3.0] AndroidManifest.xml:27:13-37
226            <meta-data
226-->[androidx.emoji2:emoji2:1.3.0] AndroidManifest.xml:29:13-31:52
227                android:name="androidx.emoji2.text.EmojiCompatInitializer"
227-->[androidx.emoji2:emoji2:1.3.0] AndroidManifest.xml:30:17-75
228                android:value="androidx.startup" />
228-->[androidx.emoji2:emoji2:1.3.0] AndroidManifest.xml:31:17-49
229            <meta-data
229-->[androidx.lifecycle:lifecycle-process:2.8.7] AndroidManifest.xml:29:13-31:52
230                android:name="androidx.lifecycle.ProcessLifecycleInitializer"
230-->[androidx.lifecycle:lifecycle-process:2.8.7] AndroidManifest.xml:30:17-78
231                android:value="androidx.startup" />
231-->[androidx.lifecycle:lifecycle-process:2.8.7] AndroidManifest.xml:31:17-49
232            <meta-data
232-->[androidx.profileinstaller:profileinstaller:1.3.1] AndroidManifest.xml:29:13-31:52
233                android:name="androidx.profileinstaller.ProfileInstallerInitializer"
233-->[androidx.profileinstaller:profileinstaller:1.3.1] AndroidManifest.xml:30:17-85
234                android:value="androidx.startup" />
234-->[androidx.profileinstaller:profileinstaller:1.3.1] AndroidManifest.xml:31:17-49
235        </provider>
236
237        <receiver
237-->[androidx.profileinstaller:profileinstaller:1.3.1] AndroidManifest.xml:34:9-52:20
238            android:name="androidx.profileinstaller.ProfileInstallReceiver"
238-->[androidx.profileinstaller:profileinstaller:1.3.1] AndroidManifest.xml:35:13-76
239            android:directBootAware="false"
239-->[androidx.profileinstaller:profileinstaller:1.3.1] AndroidManifest.xml:36:13-44
240            android:enabled="true"
240-->[androidx.profileinstaller:profileinstaller:1.3.1] AndroidManifest.xml:37:13-35
241            android:exported="true"
241-->[androidx.profileinstaller:profileinstaller:1.3.1] AndroidManifest.xml:38:13-36
242            android:permission="android.permission.DUMP" >
242-->[androidx.profileinstaller:profileinstaller:1.3.1] AndroidManifest.xml:39:13-57
243            <intent-filter>
243-->[androidx.profileinstaller:profileinstaller:1.3.1] AndroidManifest.xml:40:13-42:29
244                <action android:name="androidx.profileinstaller.action.INSTALL_PROFILE" />
244-->[androidx.profileinstaller:profileinstaller:1.3.1] AndroidManifest.xml:41:17-91
244-->[androidx.profileinstaller:profileinstaller:1.3.1] AndroidManifest.xml:41:25-88
245            </intent-filter>
246            <intent-filter>
246-->[androidx.profileinstaller:profileinstaller:1.3.1] AndroidManifest.xml:43:13-45:29
247                <action android:name="androidx.profileinstaller.action.SKIP_FILE" />
247-->[androidx.profileinstaller:profileinstaller:1.3.1] AndroidManifest.xml:44:17-85
247-->[androidx.profileinstaller:profileinstaller:1.3.1] AndroidManifest.xml:44:25-82
248            </intent-filter>
249            <intent-filter>
249-->[androidx.profileinstaller:profileinstaller:1.3.1] AndroidManifest.xml:46:13-48:29
250                <action android:name="androidx.profileinstaller.action.SAVE_PROFILE" />
250-->[androidx.profileinstaller:profileinstaller:1.3.1] AndroidManifest.xml:47:17-88
250-->[androidx.profileinstaller:profileinstaller:1.3.1] AndroidManifest.xml:47:25-85
251            </intent-filter>
252            <intent-filter>
252-->[androidx.profileinstaller:profileinstaller:1.3.1] AndroidManifest.xml:49:13-51:29
253                <action android:name="androidx.profileinstaller.action.BENCHMARK_OPERATION" />
253-->[androidx.profileinstaller:profileinstaller:1.3.1] AndroidManifest.xml:50:17-95
253-->[androidx.profileinstaller:profileinstaller:1.3.1] AndroidManifest.xml:50:25-92
254            </intent-filter>
255        </receiver>
256
257        <service
257-->[com.google.android.datatransport:transport-backend-cct:2.3.3] AndroidManifest.xml:29:9-35:19
258            android:name="com.google.android.datatransport.runtime.backends.TransportBackendDiscovery"
258-->[com.google.android.datatransport:transport-backend-cct:2.3.3] AndroidManifest.xml:30:13-103
259            android:exported="false" >
259-->[com.google.android.datatransport:transport-backend-cct:2.3.3] AndroidManifest.xml:31:13-37
260            <meta-data
260-->[com.google.android.datatransport:transport-backend-cct:2.3.3] AndroidManifest.xml:32:13-34:39
261                android:name="backend:com.google.android.datatransport.cct.CctBackendFactory"
261-->[com.google.android.datatransport:transport-backend-cct:2.3.3] AndroidManifest.xml:33:17-94
262                android:value="cct" />
262-->[com.google.android.datatransport:transport-backend-cct:2.3.3] AndroidManifest.xml:34:17-36
263        </service>
264        <service
264-->[com.google.android.datatransport:transport-runtime:2.2.6] AndroidManifest.xml:26:9-30:19
265            android:name="com.google.android.datatransport.runtime.scheduling.jobscheduling.JobInfoSchedulerService"
265-->[com.google.android.datatransport:transport-runtime:2.2.6] AndroidManifest.xml:27:13-117
266            android:exported="false"
266-->[com.google.android.datatransport:transport-runtime:2.2.6] AndroidManifest.xml:28:13-37
267            android:permission="android.permission.BIND_JOB_SERVICE" >
267-->[com.google.android.datatransport:transport-runtime:2.2.6] AndroidManifest.xml:29:13-69
268        </service>
269
270        <receiver
270-->[com.google.android.datatransport:transport-runtime:2.2.6] AndroidManifest.xml:32:9-34:40
271            android:name="com.google.android.datatransport.runtime.scheduling.jobscheduling.AlarmManagerSchedulerBroadcastReceiver"
271-->[com.google.android.datatransport:transport-runtime:2.2.6] AndroidManifest.xml:33:13-132
272            android:exported="false" />
272-->[com.google.android.datatransport:transport-runtime:2.2.6] AndroidManifest.xml:34:13-37
273    </application>
274
275</manifest>